<?xml version="1.0" encoding="UTF-8"?>
<!-- Generated by org.testng.reporters.JUnitXMLReporter -->
<testsuite ignored="0" hostname="DESKTOP-58NDN7D" failures="1" tests="3" name="Test2" time="16.517" errors="0" timestamp="2024-09-22T21:35:56 IST">
  <testcase classname="com.meesho.Electronics" name="Move_To_Men" time="0.237"/>
  <testcase classname="com.meesho.Electronics" name="Click_On_Jewellery" time="2.598"/>
  <testcase classname="com.meesho.Electronics" name="Validate_Wateches_page" time="0.185">
    <failure type="java.lang.AssertionError" message="The following asserts failed:
	expected [Assertion Failure in the WebElement text] but found [list]">
      <![CDATA[java.lang.AssertionError: The following asserts failed:
expected [Assertion Failure in the WebElement text] but found [list]
at com.meesho.Electronics.Validate_Wateches_page(Electronics.java:125)
at java.base/java.util.ArrayList.forEach(ArrayList.java:1597)
at java.base/java.util.concurrent.FutureTask.run(FutureTask.java:317)
at java.base/java.util.concurrent.ThreadPoolExecutor.runWorker(ThreadPoolExecutor.java:1144)
at java.base/java.util.concurrent.ThreadPoolExecutor$Worker.run(ThreadPoolExecutor.java:642)
at java.base/java.lang.Thread.run(Thread.java:1570)
... Removed 17 stack frames]]>
    </failure>
  </testcase> <!-- Validate_Wateches_page -->
</testsuite> <!-- Test2 -->
