<?xml version="1.0" encoding="UTF-8"?>
<!-- Generated by org.testng.reporters.JUnitXMLReporter -->
<testsuite hostname="DESKTOP-58NDN7D" failures="1" tests="5" name="Test" time="12.101" errors="0" timestamp="23 Sep 2024 05:39:13 GMT">
  <testcase classname="com.meesho.Kids" name="Click_On_KIDS" time="0.59"/>
  <testcase classname="com.meesho.Kids" name="Click_SOftToys" time="2.445"/>
  <testcase classname="com.meesho.Kids" name="Validate_SoftToys_Page" time="0.092">
    <skipped/>
  </testcase> <!-- Validate_SoftToys_Page -->
  <testcase classname="com.meesho.Kids" name="Validate_SoftToys_Page" time="1.224">
    <skipped/>
  </testcase> <!-- Validate_SoftToys_Page -->
  <testcase classname="com.meesho.Kids" name="Validate_SoftToys_Page" time="0.123">
    <failure type="java.lang.AssertionError" message="The following asserts failed:
	Assertion Failure in the WebElement text expected [list] but found [Essential Unisex Soft Toys]">
      <![CDATA[java.lang.AssertionError: The following asserts failed:
	Assertion Failure in the WebElement text expected [list] but found [Essential Unisex Soft Toys]
	at com.meesho.Kids.Validate_SoftToys_Page(Kids.java:126)
	at java.base/java.util.concurrent.FutureTask.run(FutureTask.java:317)
	at java.base/java.util.concurrent.ThreadPoolExecutor.runWorker(ThreadPoolExecutor.java:1144)
	at java.base/java.util.concurrent.ThreadPoolExecutor$Worker.run(ThreadPoolExecutor.java:642)
	at java.base/java.lang.Thread.run(Thread.java:1570)
... Removed 15 stack frames]]>
    </failure>
  </testcase> <!-- Validate_SoftToys_Page -->
</testsuite> <!-- Test -->
