<!DOCTYPE html PUBLIC "-//W3C//DTD XHTML 1.1//EN" "http://www.w3.org/TR/xhtml11/DTD/xhtml11.dtd">
<html xmlns="http://www.w3.org/1999/xhtml"><head><title>TestNG Report</title><style type="text/css">table {margin-bottom:10px;border-collapse:collapse;empty-cells:show}th,td {border:1px solid #009;padding:.25em .5em}th {vertical-align:bottom}td {vertical-align:top}table a {font-weight:bold}.stripe td {background-color: #E6EBF9}.num {text-align:right}.passedodd td {background-color: #3F3}.passedeven td {background-color: #0A0}.skippedodd td {background-color: #DDD}.skippedeven td {background-color: #CCC}.failedodd td,.attn {background-color: #F33}.failedeven td,.stripe .attn {background-color: #D00}.stacktrace {white-space:pre;font-family:monospace}.totop {font-size:85%;text-align:center;border-bottom:2px solid #000}</style></head><body><table><tr><th>Test</th><th># Passed</th><th># Skipped</th><th># Failed</th><th>Time (ms)</th><th>Included Groups</th><th>Excluded Groups</th></tr><tr><th colspan="7">Suite</th></tr><tr><td><a href="#t0">Test</a></td><td class="num">2</td><td class="num attn">2</td><td class="num attn">1</td><td class="num">12,101</td><td></td><td></td></tr></table><table><thead><tr><th>Class</th><th>Method</th><th>Start</th><th>Time (ms)</th></tr></thead><tbody><tr><th colspan="4">Suite</th></tr></tbody><tbody id="t0"><tr><th colspan="4">Test &#8212; failed</th></tr><tr class="failedeven"><td rowspan="1">com.meesho.Kids</td><td><a href="#m0">Validate_SoftToys_Page</a></td><td rowspan="1">1727069952493</td><td rowspan="1">123</td></tr><tr><th colspan="4">Test &#8212; skipped</th></tr><tr class="skippedeven"><td rowspan="2">com.meesho.Kids</td><td><a href="#m1">Validate_SoftToys_Page</a></td><td rowspan="2">1727069951155</td><td rowspan="2">92</td></tr><tr class="skippedeven"><td><a href="#m2">Validate_SoftToys_Page</a></td></tr><tr><th colspan="4">Test &#8212; passed</th></tr><tr class="passedeven"><td rowspan="2">com.meesho.Kids</td><td><a href="#m3">Click_On_KIDS</a></td><td rowspan="1">1727069948090</td><td rowspan="1">590</td></tr><tr class="passedeven"><td><a href="#m4">Click_SOftToys</a></td><td rowspan="1">1727069948688</td><td rowspan="1">2445</td></tr></tbody></table><h2>Test</h2><h3 id="m0">com.meesho.Kids#Validate_SoftToys_Page</h3><table class="result"><tr class="param"><th>Parameter #1</th></tr><tr class="param stripe"><td>list</td></tr><tr><th>Exception</th></tr><tr><td><div class="stacktrace">java.lang.AssertionError: The following asserts failed:
	Assertion Failure in the WebElement text expected [list] but found [Essential Unisex Soft Toys]
	at com.meesho.Kids.Validate_SoftToys_Page(Kids.java:126)
	at java.base/java.util.concurrent.FutureTask.run(FutureTask.java:317)
	at java.base/java.util.concurrent.ThreadPoolExecutor.runWorker(ThreadPoolExecutor.java:1144)
	at java.base/java.util.concurrent.ThreadPoolExecutor$Worker.run(ThreadPoolExecutor.java:642)
	at java.base/java.lang.Thread.run(Thread.java:1570)
... Removed 15 stack frames</div></td></tr></table><p class="totop"><a href="#summary">back to summary</a></p><h3 id="m1">com.meesho.Kids#Validate_SoftToys_Page</h3><table class="result"><tr class="param"><th>Parameter #1</th></tr><tr class="param stripe"><td>list</td></tr><tr><th>Exception</th></tr><tr><td><div class="stacktrace">java.lang.AssertionError: The following asserts failed:
	Assertion Failure in the WebElement text expected [list] but found [Relaxed Fashionable Men Flip Flops]
	at com.meesho.Kids.Validate_SoftToys_Page(Kids.java:126)
	at java.base/java.util.concurrent.FutureTask.run(FutureTask.java:317)
	at java.base/java.util.concurrent.ThreadPoolExecutor.runWorker(ThreadPoolExecutor.java:1144)
	at java.base/java.util.concurrent.ThreadPoolExecutor$Worker.run(ThreadPoolExecutor.java:642)
	at java.base/java.lang.Thread.run(Thread.java:1570)
... Removed 15 stack frames</div></td></tr></table><p class="totop"><a href="#summary">back to summary</a></p><h3 id="m2">com.meesho.Kids#Validate_SoftToys_Page</h3><table class="result"><tr class="param"><th>Parameter #1</th></tr><tr class="param stripe"><td>list</td></tr><tr><th>Exception</th></tr><tr><td><div class="stacktrace">java.lang.AssertionError: The following asserts failed:
	Assertion Failure in the WebElement text expected [list] but found [Essential Unisex Soft Toys]
	at com.meesho.Kids.Validate_SoftToys_Page(Kids.java:126)
	at java.base/java.util.concurrent.FutureTask.run(FutureTask.java:317)
	at java.base/java.util.concurrent.ThreadPoolExecutor.runWorker(ThreadPoolExecutor.java:1144)
	at java.base/java.util.concurrent.ThreadPoolExecutor$Worker.run(ThreadPoolExecutor.java:642)
	at java.base/java.lang.Thread.run(Thread.java:1570)
... Removed 15 stack frames</div></td></tr></table><p class="totop"><a href="#summary">back to summary</a></p><h3 id="m3">com.meesho.Kids#Click_On_KIDS</h3><table class="result"></table><p class="totop"><a href="#summary">back to summary</a></p><h3 id="m4">com.meesho.Kids#Click_SOftToys</h3><table class="result"></table><p class="totop"><a href="#summary">back to summary</a></p></body></html>